生成启动时间为 2015/1/3 16:00:35。
     1>项目“G:\WORK_PROJECTS\STL训练\终极PK\终极PK.vcxproj”在节点 2 上(Rebuild 个目标)。
     1>ClCompile:
         D:\Program Files (x86)\Microsoft Visual Studio 12.0\VC\bin\CL.exe /c /ZI /nologo /W3 /WX- /sdl /Od /Oy- /D _UNICODE /D UNICODE /Gm /EHsc /RTC1 /MDd /GS /fp:precise /Zc:wchar_t /Zc:forScope /Fo"Debug\\" /Fd"Debug\vc120.pdb" /Gd /TP /analyze- /errorReport:prompt kongfu.cpp main.cpp Player.cpp Referee.cpp
         Referee.cpp
         Player.cpp
     1>g:\work_projects\stl训练\终极pk\player.cpp(8): warning C4244: “参数”: 从“time_t”转换到“unsigned int”，可能丢失数据
     1>g:\work_projects\stl训练\终极pk\player.cpp(73): warning C4244: “*=”: 从“double”转换到“int”，可能丢失数据
         main.cpp
         kongfu.cpp
         正在生成代码...
       Link:
         D:\Program Files (x86)\Microsoft Visual Studio 12.0\VC\bin\link.exe /ERRORREPORT:PROMPT /OUT:"G:\WORK_PROJECTS\STL训练\Debug\终极PK.exe" /INCREMENTAL /NOLOGO kernel32.lib user32.lib gdi32.lib winspool.lib comdlg32.lib advapi32.lib shell32.lib ole32.lib oleaut32.lib uuid.lib odbc32.lib odbccp32.lib /MANIFEST /MANIFESTUAC:"level='asInvoker' uiAccess='false'" /manifest:embed /DEBUG /PDB:"G:\WORK_PROJECTS\STL训练\Debug\终极PK.pdb" /TLBID:1 /DYNAMICBASE /NXCOMPAT /IMPLIB:"G:\WORK_PROJECTS\STL训练\Debug\终极PK.lib" /MACHINE:X86 Debug\kongfu.obj
         Debug\main.obj
         Debug\Player.obj
         Debug\Referee.obj
         终极PK.vcxproj -> G:\WORK_PROJECTS\STL训练\Debug\终极PK.exe
     1>已完成生成项目“G:\WORK_PROJECTS\STL训练\终极PK\终极PK.vcxproj”(Rebuild 个目标)的操作。

生成成功。

已用时间 00:00:02.28
