生成启动时间为 2015/1/3 15:58:10。
     1>项目“G:\WORK_PROJECTS\STL训练\门电路模拟器\门电路模拟器.vcxproj”在节点 2 上(Rebuild 个目标)。
     1>ClCompile:
         D:\Program Files (x86)\Microsoft Visual Studio 12.0\VC\bin\CL.exe /c /ZI /nologo /W3 /WX- /sdl /Od /Oy- /D _UNICODE /D UNICODE /Gm /EHsc /RTC1 /MDd /GS /fp:precise /Zc:wchar_t /Zc:forScope /Fo"Debug\\" /Fd"Debug\vc120.pdb" /Gd /TP /analyze- /errorReport:prompt gates.cpp main.cpp
         main.cpp
     1>g:\work_projects\stl训练\门电路模拟器\gates.h(35): warning C4018: “<”: 有符号/无符号不匹配
     1>g:\work_projects\stl训练\门电路模拟器\gates.h(44): warning C4018: “<”: 有符号/无符号不匹配
     1>g:\work_projects\stl训练\门电路模拟器\gates.h(155): warning C4018: “<”: 有符号/无符号不匹配
         gates.cpp
     1>g:\work_projects\stl训练\门电路模拟器\gates.h(35): warning C4018: “<”: 有符号/无符号不匹配
     1>g:\work_projects\stl训练\门电路模拟器\gates.h(44): warning C4018: “<”: 有符号/无符号不匹配
     1>g:\work_projects\stl训练\门电路模拟器\gates.h(155): warning C4018: “<”: 有符号/无符号不匹配
         正在生成代码...
       Link:
         D:\Program Files (x86)\Microsoft Visual Studio 12.0\VC\bin\link.exe /ERRORREPORT:PROMPT /OUT:"G:\WORK_PROJECTS\STL训练\Debug\门电路模拟器.exe" /INCREMENTAL /NOLOGO kernel32.lib user32.lib gdi32.lib winspool.lib comdlg32.lib advapi32.lib shell32.lib ole32.lib oleaut32.lib uuid.lib odbc32.lib odbccp32.lib /MANIFEST /MANIFESTUAC:"level='asInvoker' uiAccess='false'" /manifest:embed /DEBUG /PDB:"G:\WORK_PROJECTS\STL训练\Debug\门电路模拟器.pdb" /TLBID:1 /DYNAMICBASE /NXCOMPAT /IMPLIB:"G:\WORK_PROJECTS\STL训练\Debug\门电路模拟器.lib" /MACHINE:X86 Debug\gates.obj
         Debug\main.obj
         门电路模拟器.vcxproj -> G:\WORK_PROJECTS\STL训练\Debug\门电路模拟器.exe
     1>已完成生成项目“G:\WORK_PROJECTS\STL训练\门电路模拟器\门电路模拟器.vcxproj”(Rebuild 个目标)的操作。

生成成功。

已用时间 00:00:01.34
